execve("/bin/cat", ["cat", "/proc/MYDEV/hello"], [/* 31 vars */]) = 0
brk(0)                                  = 0x965f000
access("/etc/ld.so.preload", R_OK)      = -1 ENOENT (No such file or directory)
open("/etc/ld.so.cache", O_RDONLY)      = 3
fstat64(3, {st_mode=S_IFREG|0644, st_size=69210, ...}) = 0
mmap2(NULL, 69210, PROT_READ, MAP_PRIVATE, 3, 0) = 0x40001000
close(3)                                = 0
open("/lib/libc.so.6", O_RDONLY)        = 3
read(3, "\177ELF\1\1\1\0\0\0\0\0\0\0\0\0\3\0\3\0\1\0\0\0@\230lI4\0\0\0"..., 512) = 512
fstat64(3, {st_mode=S_IFREG|0755, st_size=1809672, ...}) = 0
mmap2(NULL, 4096, PROT_READ|PROT_WRITE, MAP_PRIVATE|MAP_ANONYMOUS, -1, 0) = 0x40012000
mmap2(0x496b3000, 1521232, PROT_READ|PROT_EXEC, MAP_PRIVATE|MAP_DENYWRITE, 3, 0) = 0x496b3000
mmap2(0x49821000, 12288, PROT_READ|PROT_WRITE, MAP_PRIVATE|MAP_FIXED|MAP_DENYWRITE, 3, 0x16e) = 0x49821000
mmap2(0x49824000, 9808, PROT_READ|PROT_WRITE, MAP_PRIVATE|MAP_FIXED|MAP_ANONYMOUS, -1, 0) = 0x49824000
close(3)                                = 0
mmap2(NULL, 4096, PROT_READ|PROT_WRITE, MAP_PRIVATE|MAP_ANONYMOUS, -1, 0) = 0x40013000
set_thread_area({entry_number:-1 -> 6, base_addr:0x40012e70, limit:1048575, seg_32bit:1, contents:0, read_exec_only:0, limit_in_pages:1, seg_not_present:0, useable:1}) = 0
mprotect(0x49821000, 8192, PROT_READ)   = 0
mprotect(0x48968000, 4096, PROT_READ)   = 0
munmap(0x40001000, 69210)               = 0
brk(0)                                  = 0x965f000
brk(0x9680000)                          = 0x9680000
open("/usr/lib/locale/locale-archive", O_RDONLY|O_LARGEFILE) = 3
fstat64(3, {st_mode=S_IFREG|0644, st_size=80625664, ...}) = 0
mmap2(NULL, 2097152, PROT_READ, MAP_PRIVATE, 3, 0) = 0x40014000
close(3)                                = 0
fstat64(1, {st_mode=S_IFREG|0644, st_size=1779, ...}) = 0
open("/proc/MYDEV/hello", O_RDONLY|O_LARGEFILE) = 3
fstat64(3, {st_mode=S_IFREG|0444, st_size=0, ...}) = 0
read(3, "Hello from process 11413\n", 4096) = 25
write(1, "Hello from process 11413\n", 25Hello from process 11413
) = 25
read(3, "", 4096)                       = 0
close(3)                                = 0
close(1)                                = 0
close(2)                                = 0
exit_group(0)                           = ?
